Summary of SPARK analysis
=========================

-----------------------------------------------------------------------------------------
SPARK Analysis results        Total      Flow   CodePeer   Provers   Justified   Unproved
-----------------------------------------------------------------------------------------
Data Dependencies                 .         .          .         .           .          .
Flow Dependencies                 .         .          .         .           .          .
Initialization                    .         .          .         .           .          .
Non-Aliasing                      .         .          .         .           .          .
Run-time Checks                   .         .          .         .           .          .
Assertions                        .         .          .         .           .          .
Functional Contracts              .         .          .         .           .          .
LSP Verification                  .         .          .         .           .          .
Termination                       .         .          .         .           .          .
Concurrency                       .         .          .         .           .          .
-----------------------------------------------------------------------------------------
Total                             .         .          .         .           .          .


max steps used for successful proof: 0

Analyzed 1 unit
in unit stdmain_ada2012_ch01, 1 subprograms and packages out of 1 analyzed
  stdmain_ada2012_ch01 at stdmain_ada2012_ch01.adb:20 flow analyzed (0 errors, 0 checks and 0 warnings) and proved (0 checks)
